[01:53:07] [main/INFO]: Environment: authHost='https://authserver.mojang.com', accountsHost='https://api.mojang.com', sessionHost='https://sessionserver.mojang.com', servicesHost='https://api.minecraftservices.com', name='PROD'
[01:53:07] [main/INFO]: Reloading ResourceManager: Default, bukkit
[01:53:08] [Worker-Main-2/INFO]: Loaded 7 recipes
[01:53:09] [Server thread/INFO]: Starting minecraft server version 1.16.5
[01:53:09] [Server thread/INFO]: Loading properties
[01:53:09] [Server thread/INFO]: This server is running Paper version git-Paper-794 (MC: 1.16.5) (Implementing API version 1.16.5-R0.1-SNAPSHOT)
[01:53:09] [Server thread/INFO]: Debug logging is disabled
[01:53:09] [Server thread/INFO]: Server Ping Player Sample Count: 12
[01:53:09] [Server thread/INFO]: Using 4 threads for Netty based IO
[01:53:09] [Server thread/INFO]: Default game type: SURVIVAL
[01:53:09] [Server thread/INFO]: Generating keypair
[01:53:09] [Server thread/INFO]: Starting Minecraft server on *:25565
[01:53:09] [Server thread/INFO]: Using epoll channel type
[01:53:10] [Server thread/INFO]: [Chunky] Loading Chunky v1.2.217
[01:53:10] [Server thread/INFO]: Server permissions file permissions.yml is empty, ignoring it
[01:53:10] [Server thread/WARN]: **** SERVER IS RUNNING IN OFFLINE/INSECURE MODE!
[01:53:10] [Server thread/WARN]: The server will make no attempt to authenticate usernames. Beware.
[01:53:10] [Server thread/WARN]: While this makes the game possible to play without internet access, it also opens up the ability for hackers to connect with any username they choose.
[01:53:10] [Server thread/WARN]: To change this, set "online-mode" to "true" in the server.properties file.
[01:53:10] [Server thread/INFO]: Preparing level "world"
[01:53:10] [Server thread/INFO]: Preparing start region for dimension minecraft:overworld
[01:53:10] [Server thread/INFO]: Preparing spawn area: 0%
[01:53:10] [Server thread/INFO]: Time elapsed: 449 ms
[01:53:10] [Server thread/INFO]: Preparing start region for dimension minecraft:the_nether
[01:53:11] [Server thread/INFO]: Time elapsed: 275 ms
[01:53:11] [Server thread/INFO]: Preparing start region for dimension minecraft:the_end
[01:53:11] [Server thread/INFO]: Time elapsed: 80 ms
[01:53:11] [Server thread/INFO]: [Chunky] Enabling Chunky v1.2.217
[01:53:11] [Server thread/INFO]: Running delayed init tasks
[01:53:11] [Server thread/INFO]: Done (1.852s)! For help, type "help"
[01:53:11] [Server thread/INFO]: Timings Reset
[01:54:05] [User Authenticator #1/INFO]: UUID of player iBlueLabel_ is 0b296388-7924-3740-a803-b47b1ef6a5aa
[01:54:06] [Server thread/INFO]: iBlueLabel_ joined the game
[01:54:06] [Server thread/INFO]: iBlueLabel_[/[0:0:0:0:0:0:0:1%0]:37756] logged in with entity id 148 at ([world]-1391.3670245325357, 64.0, 60.69837740909915)
[01:54:39] [User Authenticator #1/INFO]: UUID of player xArmC_ is 4b3d757f-ad86-3bb9-8780-30217e477cae
[01:54:39] [Server thread/INFO]: xArmC_ joined the game
[01:54:39] [Server thread/INFO]: xArmC_[/[0:0:0:0:0:0:0:1%0]:43110] logged in with entity id 300 at ([world]-2013.4925534076015, 31.0, 104.31750234147299)
[01:55:07] [User Authenticator #1/INFO]: UUID of player Rip_ters is cdfa86fa-dd05-3f47-97b2-449bf30b6c17
[01:55:07] [Server thread/INFO]: Rip_ters joined the game
[01:55:07] [Server thread/INFO]: Rip_ters[/[0:0:0:0:0:0:0:1%0]:42420] logged in with entity id 699 at ([world]-242.91712538666462, 80.0, 230.99634421327048)
[01:55:12] [Server thread/INFO]: Rip_ters issued server command: /gamemode survival
[01:55:12] [Server thread/INFO]: [Rip_ters: Set own game mode to Survival Mode]
[01:55:21] [Server thread/INFO]: Rip_ters issued server command: /tp xArmC_ Rip_ters
[01:55:21] [Server thread/INFO]: [Rip_ters: Teleported xArmC_ to Rip_ters]
[01:55:33] [Server thread/INFO]: Rip_ters issued server command: /tp iBlueLabel_ Rip_ters
[01:55:33] [Server thread/INFO]: [Rip_ters: Teleported iBlueLabel_ to Rip_ters]
[02:00:56] [Server thread/INFO]: iBlueLabel_ issued server command: /skin
[02:01:38] [Server thread/INFO]: xArmC_ has made the advancement [Who is Cutting Onions?]
[02:01:50] [Server thread/INFO]: Rip_ters issued server command: /tp xArmC_
[02:01:50] [Server thread/INFO]: [Rip_ters: Teleported Rip_ters to xArmC_]
[02:01:57] [Server thread/INFO]: Rip_ters issued server command: /tp iBlueLabel_ Rip_ters
[02:01:57] [Server thread/INFO]: [Rip_ters: Teleported iBlueLabel_ to Rip_ters]
[02:02:37] [Server thread/INFO]: Rip_ters issued server command: /gamemode creative
[02:02:37] [Server thread/INFO]: [Rip_ters: Set own game mode to Creative Mode]
[02:03:00] [Async Chat Thread - #0/INFO]: <Rip_ters> -250 139
[02:03:02] [Async Chat Thread - #0/INFO]: <Rip_ters> casa
[02:03:05] [Async Chat Thread - #0/INFO]: <iBlueLabel_> uwu
[02:03:14] [Server thread/INFO]: Rip_ters issued server command: /gamemode survival
[02:03:14] [Server thread/INFO]: [Rip_ters: Set own game mode to Survival Mode]
[02:04:31] [Server thread/INFO]: iBlueLabel_ has completed the challenge [Hot Tourist Destinations]
[02:04:41] [Server thread/INFO]: Rip_ters issued server command: /tp xArmC_ r
[02:04:43] [Server thread/INFO]: iBlueLabel_ has made the advancement [Oh Shiny]
[02:04:52] [Server thread/INFO]: iBlueLabel_ has made the advancement [Ice Bucket Challenge]
[02:04:52] [Server thread/INFO]: Rip_ters issued server command: /tp xArmC_ Rip_ters
[02:04:52] [Server thread/INFO]: [Rip_ters: Teleported xArmC_ to Rip_ters]
[02:10:22] [Server thread/WARN]: iBlueLabel_ was kicked due to keepalive timeout!
[02:10:22] [Server thread/INFO]: iBlueLabel_ lost connection: Timed out
[02:10:22] [Server thread/INFO]: iBlueLabel_ left the game
[02:10:31] [User Authenticator #2/INFO]: UUID of player iBlueLabel_ is 0b296388-7924-3740-a803-b47b1ef6a5aa
[02:10:31] [Server thread/INFO]: iBlueLabel_ joined the game
[02:10:31] [Server thread/INFO]: iBlueLabel_[/[0:0:0:0:0:0:0:1%0]:50744] logged in with entity id 3697 at ([world_nether]85.65136017400778, 64.0, -175.38158937854246)
[02:13:21] [Server thread/INFO]: Rip_ters issued server command: /tp xArmC_ Rip_ters
[02:13:21] [Server thread/INFO]: [Rip_ters: Teleported xArmC_ to Rip_ters]
[02:18:44] [Server thread/INFO]: Rip_ters issued server command: /gamemode creative
[02:18:44] [Server thread/INFO]: [Rip_ters: Set own game mode to Creative Mode]
[02:18:55] [Server thread/INFO]: Rip_ters issued server command: /gamemode survival
[02:18:55] [Server thread/INFO]: [Rip_ters: Set own game mode to Survival Mode]
[02:19:00] [Server thread/INFO]: Rip_ters issued server command: /gamemode creative
[02:19:00] [Server thread/INFO]: [Rip_ters: Set own game mode to Creative Mode]
[02:19:18] [Server thread/INFO]: Rip_ters issued server command: /gamemode survival
[02:19:18] [Server thread/INFO]: [Rip_ters: Set own game mode to Survival Mode]
[02:19:28] [Server thread/INFO]: Rip_ters issued server command: /gamemode creative
[02:19:28] [Server thread/INFO]: [Rip_ters: Set own game mode to Creative Mode]
[02:19:57] [Server thread/INFO]: Rip_ters issued server command: /gamemode survival
[02:19:57] [Server thread/INFO]: [Rip_ters: Set own game mode to Survival Mode]
[02:21:19] [Server thread/INFO]: Rip_ters issued server command: /tp iBlueLabel_ Rip_ters
[02:21:19] [Server thread/INFO]: [Rip_ters: Teleported iBlueLabel_ to Rip_ters]
[02:22:58] [Server thread/INFO]: Rip_ters issued server command: /gamemode creative
[02:22:58] [Server thread/INFO]: [Rip_ters: Set own game mode to Creative Mode]
[02:23:03] [Server thread/INFO]: Rip_ters issued server command: /gamemode survival
[02:23:03] [Server thread/INFO]: [Rip_ters: Set own game mode to Survival Mode]
[02:24:01] [Server thread/INFO]: iBlueLabel_ has made the advancement [Spooky Scary Skeleton]
[02:26:54] [Server thread/INFO]: Rip_ters issued server command: /tp iBlueLabel_ Rip_ters
[02:26:54] [Server thread/INFO]: [Rip_ters: Teleported iBlueLabel_ to Rip_ters]
[02:28:19] [Server thread/INFO]: Rip_ters issued server command: /tp xArmC_ Rip_ters
[02:28:19] [Server thread/INFO]: [Rip_ters: Teleported xArmC_ to Rip_ters]
[02:32:46] [Server thread/INFO]: iBlueLabel_ has made the advancement [Take Aim]
[02:34:24] [Server thread/INFO]: Rip_ters issued server command: /tp -2017 34 103
[02:34:24] [Server thread/INFO]: [Rip_ters: Teleported Rip_ters to -2016.5, 34.0, 103.5]
[02:34:24] [Server thread/INFO]: Rip_ters has made the advancement [Eye Spy]
[02:35:09] [Server thread/INFO]: Rip_ters issued server command: /tp xArmC_ Rip_ters
[02:35:09] [Server thread/INFO]: [Rip_ters: Teleported xArmC_ to Rip_ters]
[02:35:51] [Server thread/INFO]: Rip_ters issued server command: /tp iBlueLabel_ Rip_ters
[02:35:51] [Server thread/INFO]: [Rip_ters: Teleported iBlueLabel_ to Rip_ters]
[02:35:52] [Server thread/INFO]: iBlueLabel_ has made the advancement [Eye Spy]
[02:37:55] [Server thread/INFO]: xArmC_ has made the advancement [The End?]
[02:37:55] [Server thread/INFO]: Scanning for legacy world dragon fight...
[02:37:55] [Server thread/INFO]: Found that the dragon has not yet been killed in this world.
[02:37:56] [Server thread/INFO]: Rip_ters has made the advancement [The End?]
[02:37:56] [Server thread/INFO]: iBlueLabel_ has made the advancement [The End?]
[02:38:57] [Server thread/INFO]: iBlueLabel_ was killed by Ender Dragon using magic
[02:39:09] [Server thread/INFO]: Rip_ters issued server command: /tp iBlueLabel_ Rip_ters
[02:39:09] [Server thread/INFO]: [Rip_ters: Teleported iBlueLabel_ to Rip_ters]
[02:39:55] [Server thread/INFO]: xArmC_ was killed by Ender Dragon using magic
[02:40:01] [Server thread/INFO]: Rip_ters issued server command: /tp xArmC_ Rip_ters
[02:40:01] [Server thread/INFO]: [Rip_ters: Teleported xArmC_ to Rip_ters]
[02:40:11] [Server thread/INFO]: xArmC_ was killed by Ender Dragon using magic
[02:40:36] [Server thread/INFO]: Rip_ters issued server command: /tp xArmC_ Rip_ters
[02:40:36] [Server thread/INFO]: [Rip_ters: Teleported xArmC_ to Rip_ters]
[02:42:16] [Server thread/INFO]: Rip_ters has made the advancement [Take Aim]
[02:44:41] [Server thread/INFO]: xArmC_ fell from a high place
[02:44:43] [Server thread/INFO]: Rip_ters has made the advancement [Free the End]
[02:44:51] [Async Chat Thread - #1/INFO]: <iBlueLabel_> ez
[02:44:51] [Server thread/INFO]: Rip_ters issued server command: /tp xArmC_ Rip_ters
[02:44:51] [Server thread/INFO]: [Rip_ters: Teleported xArmC_ to Rip_ters]
[02:45:17] [User Authenticator #3/INFO]: UUID of player iBlueLabel_ is 0b296388-7924-3740-a803-b47b1ef6a5aa
[02:45:17] [Server thread/INFO]: iBlueLabel_ lost connection: You logged in from another location
[02:45:17] [Server thread/INFO]: iBlueLabel_ left the game
[02:45:17] [Server thread/INFO]: iBlueLabel_ joined the game
[02:45:17] [Server thread/INFO]: iBlueLabel_[/[0:0:0:0:0:0:0:1%0]:43358] logged in with entity id 11408 at ([world]-259.5, 78.0, 233.5)
[02:45:19] [Server thread/INFO]: Rip_ters has reached the goal [The Next Generation]
[02:45:23] [Server thread/INFO]: Villager EntityVillager['Weaponsmith'/777, uuid='3e8ff1a0-55ac-4e27-b390-5fdfd6766c7e', l='ServerLevel[world]', x=-198.57, y=74.00, z=243.65, cx=-13, cz=15, tl=83522, v=true, d=false] died, message: 'Weaponsmith was slain by Zombie'
[02:45:26] [Server thread/INFO]: Rip_ters issued server command: /tp iBlueLabel_ Rip_ters
[02:45:26] [Server thread/INFO]: [Rip_ters: Teleported iBlueLabel_ to Rip_ters]
[02:47:13] [Server thread/INFO]: Rip_ters has made the advancement [Remote Getaway]
[02:47:18] [Server thread/INFO]: iBlueLabel_ has made the advancement [Remote Getaway]
[02:47:20] [Server thread/INFO]: xArmC_ has made the advancement [Remote Getaway]
[02:47:35] [Async Chat Thread - #2/INFO]: <Rip_ters> -631 -850 portal
[02:50:11] [User Authenticator #4/INFO]: UUID of player iBlueLabel_ is 0b296388-7924-3740-a803-b47b1ef6a5aa
[02:50:11] [Server thread/INFO]: iBlueLabel_ lost connection: You logged in from another location
[02:50:11] [Server thread/INFO]: iBlueLabel_ left the game
[02:50:11] [Server thread/INFO]: iBlueLabel_ joined the game
[02:50:11] [Server thread/INFO]: iBlueLabel_[/[0:0:0:0:0:0:0:1%0]:44830] logged in with entity id 12230 at ([world_the_end]-1192.9930486167614, 63.0, -595.15658552099)
[02:50:16] [User Authenticator #4/INFO]: UUID of player iBlueLabel_ is 0b296388-7924-3740-a803-b47b1ef6a5aa
[02:50:16] [Server thread/INFO]: iBlueLabel_ lost connection: You logged in from another location
[02:50:16] [Server thread/INFO]: iBlueLabel_ left the game
[02:50:16] [Server thread/INFO]: iBlueLabel_ joined the game
[02:50:16] [Server thread/INFO]: iBlueLabel_[/[0:0:0:0:0:0:0:1%0]:43514] logged in with entity id 12255 at ([world_the_end]-1192.9930486167614, 63.0, -595.15658552099)
[02:52:26] [User Authenticator #5/INFO]: UUID of player iBlueLabel_ is 0b296388-7924-3740-a803-b47b1ef6a5aa
[02:52:26] [Server thread/INFO]: iBlueLabel_ lost connection: You logged in from another location
[02:52:26] [Server thread/INFO]: iBlueLabel_ left the game
[02:52:26] [Server thread/INFO]: iBlueLabel_ joined the game
[02:52:26] [Server thread/INFO]: iBlueLabel_[/[0:0:0:0:0:0:0:1%0]:50074] logged in with entity id 12657 at ([world_the_end]-1449.6239413091914, 58.0, -352.39310009272066)
[02:53:57] [User Authenticator #6/INFO]: UUID of player iBlueLabel_ is 0b296388-7924-3740-a803-b47b1ef6a5aa
[02:53:57] [Server thread/INFO]: iBlueLabel_ lost connection: You logged in from another location
[02:53:57] [Server thread/INFO]: iBlueLabel_ left the game
[02:53:57] [Server thread/INFO]: iBlueLabel_ joined the game
[02:53:57] [Server thread/INFO]: iBlueLabel_[/[0:0:0:0:0:0:0:1%0]:60708] logged in with entity id 12883 at ([world_the_end]-1732.699999988079, 64.0, -249.7853802447709)
[02:56:01] [Server thread/INFO]: Rip_ters issued server command: /tp xArmC_ Rip_ters
[02:56:01] [Server thread/INFO]: [Rip_ters: Teleported xArmC_ to Rip_ters]
[02:56:07] [Server thread/INFO]: Rip_ters has made the advancement [The City at the End of the Game]
[02:56:10] [Server thread/INFO]: xArmC_ has made the advancement [The City at the End of the Game]
[02:56:29] [Server thread/INFO]: iBlueLabel_ has made the advancement [The City at the End of the Game]
[02:56:53] [Server thread/INFO]: xArmC_ suffocated in a wall
[02:57:16] [Server thread/INFO]: Rip_ters issued server command: /tp xArmC_ Rip_ters
[02:57:16] [Server thread/INFO]: [Rip_ters: Teleported xArmC_ to Rip_ters]
[02:57:20] [Server thread/INFO]: xArmC_ has made the advancement [Suit Up]
[02:57:59] [Server thread/INFO]: xArmC_ was slain by Shulker
[02:58:19] [Server thread/INFO]: iBlueLabel_ has made the advancement [Local Brewery]
[02:58:36] [Server thread/INFO]: iBlueLabel_ has reached the goal [Sky's the Limit]
[02:58:52] [Server thread/INFO]: Rip_ters issued server command: /tp xArmC_ Rip_ters
[02:58:52] [Server thread/INFO]: [Rip_ters: Teleported xArmC_ to Rip_ters]
[03:08:21] [Server thread/INFO]: Rip_ters issued server command: /tp iBlueLabel_
[03:08:21] [Server thread/INFO]: [Rip_ters: Teleported Rip_ters to iBlueLabel_]
[03:08:32] [Server thread/INFO]: Rip_ters issued server command: /tp xArmC_ Rip_ters
[03:08:32] [Server thread/INFO]: [Rip_ters: Teleported xArmC_ to Rip_ters]
[03:17:50] [Server thread/INFO]: Rip_ters issued server command: /gamemode creative
[03:17:50] [Server thread/INFO]: [Rip_ters: Set own game mode to Creative Mode]
[03:20:12] [Server thread/INFO]: xArmC_ has reached the goal [Sky's the Limit]
[03:22:54] [User Authenticator #7/INFO]: UUID of player iBlueLabel_ is 0b296388-7924-3740-a803-b47b1ef6a5aa
[03:22:54] [Server thread/INFO]: iBlueLabel_ lost connection: You logged in from another location
[03:22:54] [Server thread/INFO]: iBlueLabel_ left the game
[03:22:54] [Server thread/INFO]: iBlueLabel_ joined the game
[03:22:54] [Server thread/INFO]: iBlueLabel_[/[0:0:0:0:0:0:0:1%0]:59578] logged in with entity id 19832 at ([world_the_end]-1180.3845829457846, 173.0, 42.123376545048515)
[03:27:40] [Server thread/INFO]: xArmC_ was slain by Enderman
[03:28:56] [Server thread/INFO]: Rip_ters issued server command: /tp xArmC_ -921 58 -511
[03:28:56] [Server thread/INFO]: [Rip_ters: Teleported xArmC_ to -920.5, 58.0, -510.5]
[03:31:15] [Server thread/INFO]: iBlueLabel_ was slain by Enderman
[03:31:55] [Server thread/INFO]: Rip_ters issued server command: /tp iBlueLabel_ xArmC_
[03:31:55] [Server thread/INFO]: [Rip_ters: Teleported iBlueLabel_ to xArmC_]
[03:32:18] [User Authenticator #8/INFO]: UUID of player iBlueLabel_ is 0b296388-7924-3740-a803-b47b1ef6a5aa
[03:32:18] [Server thread/INFO]: iBlueLabel_ lost connection: You logged in from another location
[03:32:18] [Server thread/INFO]: iBlueLabel_ left the game
[03:32:18] [Server thread/INFO]: iBlueLabel_ joined the game
[03:32:18] [Server thread/INFO]: iBlueLabel_[/[0:0:0:0:0:0:0:1%0]:52204] logged in with entity id 23351 at ([world_the_end]-925.3000000119209, 63.0, -559.6884600332672)
[03:33:24] [Server thread/INFO]: Rip_ters has reached the goal [Sky's the Limit]
[03:33:34] [Server thread/INFO]: Rip_ters issued server command: /gamemode survival
[03:33:34] [Server thread/INFO]: [Rip_ters: Set own game mode to Survival Mode]
[03:34:23] [Server thread/INFO]: Rip_ters issued server command: /tp iBlueLabel_
[03:34:23] [Server thread/INFO]: [Rip_ters: Teleported Rip_ters to iBlueLabel_]
[03:36:00] [Server thread/INFO]: Stopping the server
[03:36:00] [Server thread/INFO]: Stopping server
[03:36:00] [Server thread/INFO]: [Chunky] Disabling Chunky v1.2.217
[03:36:00] [Server thread/INFO]: Saving players
[03:36:00] [Server thread/INFO]: iBlueLabel_ lost connection: Server closed
[03:36:00] [Server thread/INFO]: iBlueLabel_ left the game
[03:36:00] [Server thread/INFO]: Rip_ters lost connection: Server closed
[03:36:00] [Server thread/INFO]: Rip_ters left the game
[03:36:00] [Server thread/INFO]: xArmC_ lost connection: Server closed
[03:36:00] [Server thread/INFO]: xArmC_ left the game
[03:36:00] [Server thread/INFO]: Saving worlds
[03:36:00] [Server thread/INFO]: Saving chunks for level 'ServerLevel[world]'/minecraft:overworld
[03:36:00] [Server thread/INFO]: ThreadedAnvilChunkStorage (world): All chunks are saved
[03:36:00] [Server thread/INFO]: Saving chunks for level 'ServerLevel[world_nether]'/minecraft:the_nether
[03:36:00] [Server thread/INFO]: ThreadedAnvilChunkStorage (DIM-1): All chunks are saved
[03:36:00] [Server thread/INFO]: Saving chunks for level 'ServerLevel[world_the_end]'/minecraft:the_end
[03:36:00] [Server thread/INFO]: ThreadedAnvilChunkStorage (DIM1): All chunks are saved
[03:36:00] [Server thread/INFO]: ThreadedAnvilChunkStorage (world): All chunks are saved
[03:36:01] [Server thread/INFO]: ThreadedAnvilChunkStorage (DIM-1): All chunks are saved
[03:36:01] [Server thread/INFO]: ThreadedAnvilChunkStorage (DIM1): All chunks are saved
[03:36:02] [Server thread/INFO]: Flushing Chunk IO
[03:36:02] [Server thread/INFO]: Closing Thread Pool
[03:36:02] [Server thread/INFO]: Closing Server
